<?xml version="1.0" encoding="UTF-8"?>
<testsuites>
  <testsuite name="C:\wamp\www\breco_v2_0_0\backend\breco\phpunit.xml.dist" tests="14" assertions="0" errors="0" failures="0" skipped="14" time="1.071434">
    <testsuite name="app" tests="14" assertions="0" errors="0" failures="0" skipped="14" time="1.071434">
      <testsuite name="App\Test\TestCase\Model\Entity\LocationTest" file="C:\wamp\www\breco_v2_0_0\backend\breco\tests\TestCase\Model\Entity\LocationTest.php" tests="1" assertions="0" errors="0" failures="0" skipped="1" time="0.008444">
        <testcase name="testGetAvailableTypes" file="C:\wamp\www\breco_v2_0_0\backend\breco\tests\TestCase\Model\Entity\LocationTest.php" line="50" class="App\Test\TestCase\Model\Entity\LocationTest" classname="App.Test.TestCase.Model.Entity.LocationTest" assertions="0" time="0.008444">
          <skipped/>
        </testcase>
      </testsuite>
      <testsuite name="App\Test\TestCase\Model\Table\BookingsTableTest" file="C:\wamp\www\breco_v2_0_0\backend\breco\tests\TestCase\Model\Table\BookingsTableTest.php" tests="2" assertions="0" errors="0" failures="0" skipped="2" time="0.172797">
        <testcase name="testValidationDefault" file="C:\wamp\www\breco_v2_0_0\backend\breco\tests\TestCase\Model\Table\BookingsTableTest.php" line="63" class="App\Test\TestCase\Model\Table\BookingsTableTest" classname="App.Test.TestCase.Model.Table.BookingsTableTest" assertions="0" time="0.090719">
          <skipped/>
        </testcase>
        <testcase name="testBuildRules" file="C:\wamp\www\breco_v2_0_0\backend\breco\tests\TestCase\Model\Table\BookingsTableTest.php" line="74" class="App\Test\TestCase\Model\Table\BookingsTableTest" classname="App.Test.TestCase.Model.Table.BookingsTableTest" assertions="0" time="0.082078">
          <skipped/>
        </testcase>
      </testsuite>
      <testsuite name="App\Test\TestCase\Model\Table\DriversTableTest" file="C:\wamp\www\breco_v2_0_0\backend\breco\tests\TestCase\Model\Table\DriversTableTest.php" tests="2" assertions="0" errors="0" failures="0" skipped="2" time="0.130674">
        <testcase name="testValidationDefault" file="C:\wamp\www\breco_v2_0_0\backend\breco\tests\TestCase\Model\Table\DriversTableTest.php" line="62" class="App\Test\TestCase\Model\Table\DriversTableTest" classname="App.Test.TestCase.Model.Table.DriversTableTest" assertions="0" time="0.076572">
          <skipped/>
        </testcase>
        <testcase name="testBuildRules" file="C:\wamp\www\breco_v2_0_0\backend\breco\tests\TestCase\Model\Table\DriversTableTest.php" line="73" class="App\Test\TestCase\Model\Table\DriversTableTest" classname="App.Test.TestCase.Model.Table.DriversTableTest" assertions="0" time="0.054102">
          <skipped/>
        </testcase>
      </testsuite>
      <testsuite name="App\Test\TestCase\Model\Table\LocationsTableTest" file="C:\wamp\www\breco_v2_0_0\backend\breco\tests\TestCase\Model\Table\LocationsTableTest.php" tests="2" assertions="0" errors="0" failures="0" skipped="2" time="0.091206">
        <testcase name="testValidationDefault" file="C:\wamp\www\breco_v2_0_0\backend\breco\tests\TestCase\Model\Table\LocationsTableTest.php" line="61" class="App\Test\TestCase\Model\Table\LocationsTableTest" classname="App.Test.TestCase.Model.Table.LocationsTableTest" assertions="0" time="0.057781">
          <skipped/>
        </testcase>
        <testcase name="testBuildRules" file="C:\wamp\www\breco_v2_0_0\backend\breco\tests\TestCase\Model\Table\LocationsTableTest.php" line="72" class="App\Test\TestCase\Model\Table\LocationsTableTest" classname="App.Test.TestCase.Model.Table.LocationsTableTest" assertions="0" time="0.033425">
          <skipped/>
        </testcase>
      </testsuite>
      <testsuite name="App\Test\TestCase\Model\Table\TownsTableTest" file="C:\wamp\www\breco_v2_0_0\backend\breco\tests\TestCase\Model\Table\TownsTableTest.php" tests="2" assertions="0" errors="0" failures="0" skipped="2" time="0.132104">
        <testcase name="testValidationDefault" file="C:\wamp\www\breco_v2_0_0\backend\breco\tests\TestCase\Model\Table\TownsTableTest.php" line="62" class="App\Test\TestCase\Model\Table\TownsTableTest" classname="App.Test.TestCase.Model.Table.TownsTableTest" assertions="0" time="0.074971">
          <skipped/>
        </testcase>
        <testcase name="testBuildRules" file="C:\wamp\www\breco_v2_0_0\backend\breco\tests\TestCase\Model\Table\TownsTableTest.php" line="73" class="App\Test\TestCase\Model\Table\TownsTableTest" classname="App.Test.TestCase.Model.Table.TownsTableTest" assertions="0" time="0.057133">
          <skipped/>
        </testcase>
      </testsuite>
      <testsuite name="App\Test\TestCase\Model\Table\TripRequestsTableTest" file="C:\wamp\www\breco_v2_0_0\backend\breco\tests\TestCase\Model\Table\TripRequestsTableTest.php" tests="2" assertions="0" errors="0" failures="0" skipped="2" time="0.227721">
        <testcase name="testValidationDefault" file="C:\wamp\www\breco_v2_0_0\backend\breco\tests\TestCase\Model\Table\TripRequestsTableTest.php" line="64" class="App\Test\TestCase\Model\Table\TripRequestsTableTest" classname="App.Test.TestCase.Model.Table.TripRequestsTableTest" assertions="0" time="0.107775">
          <skipped/>
        </testcase>
        <testcase name="testBuildRules" file="C:\wamp\www\breco_v2_0_0\backend\breco\tests\TestCase\Model\Table\TripRequestsTableTest.php" line="75" class="App\Test\TestCase\Model\Table\TripRequestsTableTest" classname="App.Test.TestCase.Model.Table.TripRequestsTableTest" assertions="0" time="0.119946">
          <skipped/>
        </testcase>
      </testsuite>
      <testsuite name="App\Test\TestCase\Model\Table\TripsTableTest" file="C:\wamp\www\breco_v2_0_0\backend\breco\tests\TestCase\Model\Table\TripsTableTest.php" tests="2" assertions="0" errors="0" failures="0" skipped="2" time="0.255713">
        <testcase name="testValidationDefault" file="C:\wamp\www\breco_v2_0_0\backend\breco\tests\TestCase\Model\Table\TripsTableTest.php" line="65" class="App\Test\TestCase\Model\Table\TripsTableTest" classname="App.Test.TestCase.Model.Table.TripsTableTest" assertions="0" time="0.121376">
          <skipped/>
        </testcase>
        <testcase name="testBuildRules" file="C:\wamp\www\breco_v2_0_0\backend\breco\tests\TestCase\Model\Table\TripsTableTest.php" line="76" class="App\Test\TestCase\Model\Table\TripsTableTest" classname="App.Test.TestCase.Model.Table.TripsTableTest" assertions="0" time="0.134337">
          <skipped/>
        </testcase>
      </testsuite>
      <testsuite name="App\Test\TestCase\Model\Table\UsersTableTest" file="C:\wamp\www\breco_v2_0_0\backend\breco\tests\TestCase\Model\Table\UsersTableTest.php" tests="1" assertions="0" errors="0" failures="0" skipped="1" time="0.052775">
        <testcase name="testValidationDefault" file="C:\wamp\www\breco_v2_0_0\backend\breco\tests\TestCase\Model\Table\UsersTableTest.php" line="61" class="App\Test\TestCase\Model\Table\UsersTableTest" classname="App.Test.TestCase.Model.Table.UsersTableTest" assertions="0" time="0.052775">
          <skipped/>
        </testcase>
      </testsuite>
    </testsuite>
  </testsuite>
</testsuites>
